TN:
SF:src\app.ts
FN:36,createApp
FNF:1
FNH:1
FNDA:72,createApp
DA:1,1
DA:36,1
DA:37,72
DA:38,72
DA:41,72
DA:42,72
DA:45,72
DA:46,72
DA:47,72
DA:48,72
DA:49,72
DA:52,72
DA:54,72
DA:55,72
DA:56,72
DA:57,72
DA:60,72
DA:61,5
DA:62,5
DA:63,5
DA:64,5
DA:65,5
DA:66,5
DA:67,72
DA:70,72
DA:71,72
DA:72,72
DA:73,72
DA:74,72
DA:75,72
DA:76,72
DA:79,72
DA:82,72
DA:83,72
DA:84,72
DA:85,72
DA:86,72
DA:87,72
DA:88,72
DA:89,72
DA:90,72
DA:91,72
DA:94,72
DA:95,2
DA:96,2
DA:97,72
DA:98,72
DA:100,72
DA:101,72
LF:49
LH:49
BRDA:36,0,0,72
BRDA:60,1,0,5
BRDA:94,2,0,2
BRF:3
BRH:3
end_of_record
TN:
SF:src\server.ts
FN:1,(empty-report)
FNF:1
FNH:0
FNDA:0,(empty-report)
DA:1,0
DA:5,0
DA:6,0
DA:7,0
DA:8,0
DA:10,0
DA:12,0
DA:15,0
DA:18,0
DA:21,0
DA:22,0
DA:23,0
DA:24,0
DA:25,0
DA:28,0
DA:29,0
DA:30,0
DA:31,0
DA:32,0
DA:33,0
DA:34,0
DA:35,0
DA:37,0
DA:38,0
DA:39,0
DA:41,0
DA:42,0
DA:43,0
DA:44,0
LF:29
LH:0
BRDA:1,0,0,0
BRF:1
BRH:0
end_of_record
TN:
SF:src\config\database.ts
FN:24,connectDB
FN:34,disconnectDB
FNF:2
FNH:2
FNDA:2,connectDB
FNDA:1,disconnectDB
DA:1,1
DA:6,1
DA:10,1
DA:11,1
DA:12,1
DA:13,1
DA:14,1
DA:15,1
DA:16,0
DA:17,1
DA:19,1
DA:20,1
DA:21,1
DA:24,2
DA:25,2
DA:26,2
DA:27,1
DA:28,1
DA:29,1
DA:30,1
DA:31,1
DA:32,2
DA:34,1
DA:35,1
DA:36,1
DA:37,1
LF:26
LH:25
BRDA:11,0,0,1
BRDA:15,1,0,0
BRDA:24,2,0,2
BRDA:26,3,0,1
BRDA:34,4,0,1
BRF:5
BRH:4
end_of_record
TN:
SF:src\config\env.ts
FNF:0
FNH:0
DA:1,1
DA:6,1
DA:7,1
DA:9,1
DA:11,1
DA:12,1
DA:13,1
DA:16,1
DA:17,1
DA:20,1
DA:23,1
DA:24,1
DA:25,1
DA:26,1
DA:29,1
DA:30,1
DA:33,1
DA:34,1
DA:35,1
DA:38,1
DA:39,1
DA:40,1
DA:41,1
DA:42,1
DA:45,1
DA:46,1
DA:47,1
DA:50,1
DA:51,1
DA:52,1
DA:53,1
DA:54,1
DA:57,1
DA:58,1
DA:59,1
DA:62,1
DA:63,1
DA:66,1
DA:69,1
DA:72,1
DA:73,1
DA:74,1
DA:77,1
DA:80,1
DA:81,1
DA:82,1
DA:83,1
DA:86,1
DA:87,1
DA:89,1
DA:91,1
DA:92,3
DA:93,3
DA:94,3
DA:95,3
DA:96,3
DA:97,3
DA:98,3
DA:100,1
LF:59
LH:59
BRDA:91,0,0,3
BRDA:93,1,0,3
BRF:2
BRH:2
end_of_record
TN:
SF:src\config\mailer.ts
FN:12,base
FN:42,verificarEmail
FN:48,resetPassword
FN:54,confirmacionCompra
FN:61,alertaStockMinimo
FN:69,sendEmail
FNF:6
FNH:6
FNDA:6,base
FNDA:3,verificarEmail
FNDA:1,resetPassword
FNDA:1,confirmacionCompra
FNDA:1,alertaStockMinimo
FNDA:2,sendEmail
DA:1,1
DA:5,1
DA:6,1
DA:7,1
DA:8,1
DA:9,1
DA:12,1
DA:35,6
DA:37,6
DA:41,1
DA:42,1
DA:43,3
DA:45,3
DA:46,3
DA:48,1
DA:49,1
DA:51,1
DA:52,1
DA:54,1
DA:55,1
DA:56,1
DA:57,1
DA:59,1
DA:61,1
DA:62,1
DA:63,1
DA:65,1
DA:66,1
DA:69,2
DA:73,2
DA:74,2
DA:75,2
DA:76,1
DA:77,1
DA:78,1
DA:79,1
DA:80,2
LF:37
LH:37
BRDA:12,0,0,6
BRDA:42,1,0,3
BRDA:48,2,0,1
BRDA:54,3,0,1
BRDA:61,4,0,1
BRDA:69,5,0,2
BRDA:75,6,0,1
BRF:7
BRH:7
end_of_record
TN:
SF:src\config\passport.ts
FN:7,configurePassport
FNF:1
FNH:1
FNDA:75,configurePassport
DA:1,1
DA:7,1
DA:9,75
DA:10,1
DA:11,1
DA:12,1
DA:13,1
DA:14,1
DA:15,1
DA:16,1
DA:17,1
DA:18,1
DA:19,0
DA:20,0
DA:21,0
DA:24,0
DA:26,0
DA:27,0
DA:28,0
DA:29,0
DA:30,0
DA:31,0
DA:32,0
DA:33,0
DA:34,0
DA:35,0
DA:36,0
DA:37,0
DA:38,0
DA:39,0
DA:41,0
DA:42,0
DA:43,0
DA:44,0
DA:45,0
DA:46,1
DA:47,1
DA:48,1
DA:49,75
DA:50,74
DA:51,74
DA:53,75
LF:42
LH:19
BRDA:7,0,0,75
BRDA:9,1,0,1
BRDA:9,2,0,1
BRDA:49,3,0,74
BRF:4
BRH:4
end_of_record
TN:
SF:src\config\redis.ts
FN:14,connectRedis
FN:24,get
FN:31,set
FN:37,del
FN:41,delPattern
FNF:5
FNH:5
FNDA:2,connectRedis
FNDA:3,get
FNDA:3,set
FNDA:2,del
FNDA:3,delPattern
DA:1,1
DA:5,1
DA:6,1
DA:7,1
DA:8,1
DA:9,1
DA:11,1
DA:12,1
DA:14,2
DA:15,2
DA:16,2
DA:17,1
DA:18,1
DA:19,1
DA:20,2
DA:23,1
DA:24,1
DA:25,3
DA:26,3
DA:27,3
DA:28,3
DA:29,3
DA:31,1
DA:32,3
DA:33,3
DA:34,3
DA:35,3
DA:37,1
DA:38,2
DA:39,2
DA:41,1
DA:42,3
DA:43,3
DA:44,3
DA:45,3
DA:46,3
DA:47,1
LF:37
LH:37
BRDA:14,0,0,2
BRDA:16,1,0,1
BRDA:24,2,0,3
BRDA:26,3,0,2
BRDA:27,4,0,1
BRDA:27,5,0,1
BRDA:28,6,0,1
BRDA:31,7,0,3
BRDA:33,8,0,2
BRDA:34,9,0,1
BRDA:37,10,0,2
BRDA:38,11,0,1
BRDA:41,12,0,3
BRDA:43,13,0,2
BRDA:44,14,0,1
BRDA:45,15,0,1
BRF:16
BRH:16
end_of_record
TN:
SF:src\jobs\alertas.ts
FN:9,iniciarJobAlertas
FN:12,__vite_ssr_import_0__.default.schedule.timezone
FN:26,obtenerUmbral
FN:40,verificarVencimientos
FN:138,verificarStockMinimo
FNF:5
FNH:5
FNDA:8,iniciarJobAlertas
FNDA:7,__vite_ssr_import_0__.default.schedule.timezone
FNDA:14,obtenerUmbral
FNDA:7,verificarVencimientos
FNDA:7,verificarStockMinimo
DA:1,1
DA:7,1
DA:9,1
DA:10,8
DA:11,8
DA:12,8
DA:13,7
DA:14,7
DA:15,7
DA:16,7
DA:17,8
DA:18,8
DA:20,8
DA:21,8
DA:24,1
DA:26,1
DA:27,14
DA:28,4
DA:29,4
DA:30,14
DA:31,4
DA:32,4
DA:33,14
DA:34,4
DA:35,4
DA:36,2
DA:37,2
DA:40,7
DA:41,7
DA:42,7
DA:43,7
DA:45,7
DA:46,7
DA:48,7
DA:49,7
DA:50,7
DA:51,7
DA:52,7
DA:53,7
DA:54,7
DA:55,7
DA:56,7
DA:57,7
DA:58,7
DA:59,7
DA:60,7
DA:61,7
DA:63,7
DA:64,4
DA:65,4
DA:66,4
DA:69,3
DA:72,3
DA:73,3
DA:74,3
DA:75,3
DA:78,7
DA:79,5
DA:80,5
DA:81,5
DA:83,5
DA:84,5
DA:86,5
DA:87,4
DA:88,2
DA:90,5
DA:91,5
DA:92,5
DA:93,5
DA:94,5
DA:95,5
DA:96,5
DA:97,5
DA:99,3
DA:102,7
DA:103,2
DA:104,2
DA:105,2
DA:106,2
DA:108,2
DA:109,2
DA:110,4
DA:111,4
DA:112,2
DA:113,2
DA:114,3
DA:115,3
DA:116,3
DA:117,2
DA:118,2
DA:120,2
DA:121,1
DA:122,1
DA:124,2
DA:125,1
DA:126,1
DA:127,1
DA:128,1
DA:129,1
DA:130,1
DA:131,2
DA:132,7
DA:133,0
DA:134,0
DA:135,7
DA:138,7
DA:139,7
DA:140,7
DA:141,7
DA:142,7
DA:143,7
DA:144,7
DA:145,7
DA:146,7
DA:147,7
DA:148,7
DA:149,7
DA:150,7
DA:151,7
DA:152,7
DA:154,7
DA:155,4
DA:156,4
DA:157,7
DA:159,7
DA:160,1
DA:161,1
DA:162,1
DA:164,7
DA:165,3
DA:166,3
DA:167,3
DA:168,3
DA:169,3
DA:170,3
DA:171,3
DA:172,3
DA:174,2
DA:176,7
DA:177,4
DA:178,4
DA:179,7
LF:142
LH:140
BRDA:9,0,0,8
BRDA:12,1,0,7
BRDA:26,2,0,14
BRDA:27,3,0,4
BRDA:29,4,0,10
BRDA:30,5,0,4
BRDA:32,6,0,6
BRDA:33,7,0,4
BRDA:35,8,0,2
BRDA:40,9,0,7
BRDA:63,10,0,4
BRDA:66,11,0,3
BRDA:78,12,0,5
BRDA:84,13,0,0
BRDA:86,14,0,1
BRDA:86,15,0,4
BRDA:87,16,0,2
BRDA:94,17,0,0
BRDA:97,18,0,3
BRDA:102,19,0,2
BRDA:120,20,0,1
BRDA:121,21,0,1
BRDA:124,22,0,1
BRDA:132,23,0,0
BRDA:72,24,0,5
BRDA:109,25,0,4
BRDA:113,26,0,3
BRDA:115,27,0,1
BRDA:115,28,0,2
BRDA:116,29,0,0
BRDA:138,30,0,7
BRDA:159,31,0,1
BRDA:162,32,0,2
BRDA:164,33,0,3
BRDA:169,34,0,0
BRDA:172,35,0,2
BRDA:176,36,0,4
BRDA:154,37,0,4
BRDA:155,38,0,4
BRDA:165,39,0,3
BRF:40
BRH:35
end_of_record
TN:
SF:src\middlewares\index.ts
FN:23,autenticar
FN:41,autenticarCliente
FN:61,autorizar
FN:84,validarCuerpo
FN:96,validarQuery
FN:109,manejarErrores
FN:129,keyGenerator
FN:133,loggerHttp
FNF:8
FNH:8
FNDA:145,autenticar
FNDA:28,autenticarCliente
FNDA:471,autorizar
FNDA:86,validarCuerpo
FNDA:14,validarQuery
FNDA:4,manejarErrores
FNDA:13,keyGenerator
FNDA:245,loggerHttp
DA:1,1
DA:23,145
DA:24,145
DA:25,145
DA:27,145
DA:29,108
DA:31,108
DA:32,145
DA:34,108
DA:35,108
DA:36,142
DA:37,2
DA:38,2
DA:39,145
DA:41,28
DA:42,28
DA:43,28
DA:45,28
DA:47,22
DA:48,22
DA:49,28
DA:51,22
DA:52,22
DA:53,28
DA:54,0
DA:55,0
DA:56,28
DA:58,1
DA:61,1
DA:62,471
DA:63,94
DA:65,94
DA:67,9
DA:68,9
DA:69,9
DA:70,9
DA:71,9
DA:72,9
DA:73,9
DA:74,9
DA:76,9
DA:77,9
DA:78,9
DA:79,84
DA:80,94
DA:81,471
DA:84,1
DA:85,86
DA:86,34
DA:87,34
DA:88,12
DA:89,12
DA:90,12
DA:91,22
DA:92,22
DA:93,34
DA:94,86
DA:96,1
DA:97,14
DA:98,12
DA:99,12
DA:100,1
DA:101,1
DA:102,1
DA:103,11
DA:104,11
DA:105,12
DA:106,14
DA:109,1
DA:110,4
DA:111,4
DA:112,4
DA:113,4
DA:114,1
DA:115,1
DA:117,1
DA:118,1
DA:119,1
DA:120,1
DA:121,1
DA:122,1
DA:123,1
DA:125,1
DA:126,1
DA:127,1
DA:128,1
DA:129,1
DA:130,1
DA:131,1
DA:133,1
DA:134,245
DA:135,245
DA:136,245
LF:93
LH:91
BRDA:23,0,0,145
BRDA:25,1,0,108
BRDA:25,2,0,108
BRDA:25,3,0,37
BRDA:27,4,0,37
BRDA:27,5,0,108
BRDA:32,6,0,0
BRDA:32,7,0,142
BRDA:32,8,0,108
BRDA:36,9,0,2
BRDA:41,10,0,28
BRDA:43,11,0,22
BRDA:43,12,0,22
BRDA:43,13,0,6
BRDA:45,14,0,27
BRDA:45,15,0,6
BRDA:45,16,0,22
BRDA:49,17,0,0
BRDA:49,18,0,22
BRDA:53,19,0,0
BRDA:61,20,0,471
BRDA:62,21,0,94
BRDA:63,22,0,1
BRDA:63,23,0,93
BRDA:65,24,0,92
BRDA:65,25,0,9
BRDA:70,26,0,0
BRDA:78,27,0,84
BRDA:84,28,0,86
BRDA:85,29,0,34
BRDA:87,30,0,31
BRDA:87,31,0,12
BRDA:90,32,0,22
BRDA:88,33,0,13
BRDA:96,34,0,14
BRDA:97,35,0,12
BRDA:99,36,0,11
BRDA:99,37,0,1
BRDA:100,38,0,1
BRDA:109,39,0,4
BRDA:111,40,0,1
BRDA:111,41,0,3
BRDA:112,42,0,1
BRDA:112,43,0,2
BRDA:113,44,0,1
BRDA:129,45,0,13
BRDA:129,46,0,0
BRDA:129,47,0,12
BRDA:129,48,0,1
BRDA:133,49,0,245
BRDA:134,50,0,0
BRF:51
BRH:45
end_of_record
TN:
SF:src\modules\auth\auth.routes.ts
FNF:0
FNH:0
DA:1,1
DA:11,1
DA:12,1
DA:13,1
DA:14,1
DA:16,1
DA:19,1
DA:20,5
DA:21,5
DA:22,5
DA:23,5
DA:24,5
DA:25,5
DA:27,5
DA:29,2
DA:30,5
DA:31,1
DA:32,1
DA:33,1
DA:35,1
DA:36,1
DA:37,1
DA:38,1
DA:40,1
DA:41,1
DA:43,1
DA:44,5
DA:46,1
DA:48,1
DA:49,1
DA:50,5
DA:51,5
DA:52,5
DA:53,5
DA:56,1
DA:57,3
DA:58,3
DA:60,2
DA:62,2
DA:63,3
DA:65,1
DA:66,1
DA:68,3
DA:71,0
DA:74,0
DA:75,0
DA:76,0
DA:77,0
DA:78,0
DA:80,0
DA:81,3
DA:82,1
DA:83,1
DA:84,3
DA:87,1
DA:88,0
DA:89,0
DA:90,0
DA:92,0
DA:93,0
DA:95,0
DA:96,0
DA:97,0
DA:100,1
DA:101,3
DA:102,3
DA:103,3
DA:104,3
DA:105,3
DA:106,3
DA:107,1
DA:108,1
DA:109,3
LF:73
LH:58
BRDA:19,0,0,5
BRDA:25,1,0,4
BRDA:27,2,0,3
BRDA:27,3,0,2
BRDA:30,4,0,1
BRDA:31,5,0,0
BRDA:44,6,0,0
BRDA:44,7,0,1
BRDA:50,8,0,0
BRDA:52,9,0,1
BRDA:56,10,0,3
BRDA:58,11,0,1
BRDA:58,12,0,2
BRDA:63,13,0,1
BRDA:66,14,0,0
BRDA:68,15,0,0
BRDA:81,16,0,1
BRDA:100,17,0,3
BRDA:105,18,0,2
BRDA:106,19,0,1
BRF:20
BRH:15
end_of_record
TN:
SF:src\modules\auth-cliente\authCliente.perfil.routes.ts
FNF:0
FNH:0
DA:1,1
DA:6,1
DA:9,1
DA:10,0
DA:11,0
DA:12,0
DA:13,0
DA:14,0
DA:15,0
DA:16,0
DA:17,0
DA:18,0
DA:19,0
DA:20,0
DA:21,0
DA:22,0
DA:23,0
DA:24,0
DA:26,0
DA:27,0
DA:28,0
DA:29,0
DA:30,0
DA:31,0
DA:34,1
DA:35,1
DA:36,1
DA:37,1
DA:38,1
DA:39,1
DA:40,1
DA:41,1
DA:43,1
DA:44,1
DA:45,0
DA:46,0
DA:47,1
DA:50,1
DA:51,1
DA:52,1
DA:53,1
DA:54,1
DA:55,1
DA:56,1
DA:57,1
DA:58,1
DA:59,1
DA:60,1
DA:61,1
DA:62,1
DA:63,1
DA:64,1
DA:65,1
DA:66,1
DA:67,1
DA:68,1
DA:69,1
DA:71,1
DA:72,1
DA:73,0
DA:74,0
DA:75,1
LF:62
LH:37
BRDA:34,0,0,1
BRDA:44,1,0,0
BRDA:50,2,0,1
BRDA:72,3,0,0
BRF:4
BRH:2
end_of_record
TN:
SF:src\modules\auth-cliente\authCliente.routes.ts
FN:37,__vite_ssr_import_4__.z.object.autorizacionDatos.__vite_ssr_import_4__.z.boolean.refine.message
FNF:1
FNH:1
FNDA:7,__vite_ssr_import_4__.z.object.autorizacionDatos.__vite_ssr_import_4__.z.boolean.refine.message
DA:1,1
DA:28,1
DA:29,1
DA:30,1
DA:31,1
DA:32,1
DA:33,1
DA:34,1
DA:35,1
DA:36,1
DA:37,1
DA:38,1
DA:39,1
DA:40,1
DA:42,1
DA:43,1
DA:44,1
DA:45,1
DA:48,1
DA:51,1
DA:52,1
DA:53,1
DA:54,1
DA:55,3
DA:57,3
DA:58,3
DA:59,3
DA:61,1
DA:62,1
DA:64,1
DA:65,1
DA:66,1
DA:67,1
DA:68,1
DA:69,1
DA:70,1
DA:71,1
DA:72,1
DA:75,1
DA:76,1
DA:77,1
DA:78,1
DA:79,1
DA:80,1
DA:82,1
DA:83,1
DA:85,1
DA:86,1
DA:87,1
DA:88,3
DA:89,1
DA:92,1
DA:93,1
DA:94,1
DA:95,1
DA:96,1
DA:97,4
DA:99,4
DA:100,4
DA:101,4
DA:102,1
DA:103,1
DA:105,4
DA:106,1
DA:107,1
DA:109,1
DA:110,4
DA:112,1
DA:113,1
DA:114,1
DA:115,1
DA:116,1
DA:117,1
DA:119,1
DA:120,1
DA:121,1
DA:122,1
DA:123,1
DA:124,1
DA:125,1
DA:126,1
DA:127,1
DA:128,1
DA:130,1
DA:131,1
DA:132,1
DA:133,4
DA:134,1
DA:137,1
DA:138,1
DA:139,1
DA:141,1
DA:142,1
DA:143,1
DA:144,0
DA:145,0
DA:146,0
DA:147,0
DA:149,0
DA:150,0
DA:151,1
DA:154,1
DA:155,3
DA:156,3
DA:158,2
DA:159,2
DA:160,2
DA:161,2
DA:162,3
DA:164,1
DA:165,1
DA:166,1
DA:167,1
DA:168,1
DA:169,3
DA:170,0
DA:171,0
DA:172,3
DA:175,1
DA:176,3
DA:177,3
DA:179,2
DA:180,2
DA:182,3
DA:184,1
DA:185,1
DA:187,1
DA:188,1
DA:189,1
DA:190,1
DA:192,1
DA:193,1
DA:194,1
DA:195,1
DA:196,1
DA:197,1
DA:199,1
DA:200,3
DA:201,0
DA:202,0
DA:203,3
DA:206,1
DA:207,3
DA:208,3
DA:210,2
DA:211,2
DA:212,2
DA:213,2
DA:214,2
DA:215,2
DA:216,2
DA:217,3
DA:219,1
DA:220,1
DA:221,1
DA:222,1
DA:223,1
DA:224,1
DA:225,3
DA:226,0
DA:227,0
DA:228,3
DA:231,1
DA:232,3
DA:233,3
DA:234,3
DA:235,3
DA:236,3
DA:237,3
DA:238,3
DA:239,3
DA:240,3
DA:241,3
DA:242,2
DA:243,3
DA:244,0
DA:245,0
DA:246,3
DA:248,1
DA:249,1
DA:250,1
DA:251,1
DA:252,1
DA:253,1
DA:254,1
DA:255,1
DA:256,1
DA:257,1
DA:260,1
DA:261,0
DA:262,0
DA:263,0
DA:264,0
DA:265,0
DA:266,0
DA:267,0
DA:269,0
DA:270,0
DA:273,0
DA:274,0
DA:275,0
DA:276,0
DA:277,0
DA:279,0
DA:280,0
DA:281,0
DA:284,1
DA:285,3
DA:286,3
DA:287,2
DA:288,2
DA:289,3
DA:290,1
DA:291,1
DA:292,1
DA:293,1
DA:294,1
DA:295,3
DA:296,3
DA:298,1
DA:299,1
DA:300,1
DA:303,1
DA:304,1
DA:305,1
DA:306,1
DA:307,1
LF:227
LH:196
BRDA:37,0,0,7
BRDA:54,1,0,3
BRDA:58,2,0,2
BRDA:59,3,0,1
BRDA:96,4,0,4
BRDA:100,5,0,3
BRDA:101,6,0,2
BRDA:101,7,0,2
BRDA:101,8,0,1
BRDA:103,9,0,2
BRDA:105,10,0,1
BRDA:110,11,0,0
BRDA:110,12,0,1
BRDA:154,13,0,3
BRDA:156,14,0,1
BRDA:156,15,0,2
BRDA:162,16,0,1
BRDA:169,17,0,0
BRDA:175,18,0,3
BRDA:177,19,0,1
BRDA:177,20,0,2
BRDA:182,21,0,1
BRDA:200,22,0,0
BRDA:206,23,0,3
BRDA:208,24,0,2
BRDA:208,25,0,1
BRDA:208,26,0,2
BRDA:217,27,0,1
BRDA:225,28,0,0
BRDA:231,29,0,3
BRDA:241,30,0,1
BRDA:241,31,0,2
BRDA:243,32,0,0
BRDA:248,33,0,1
BRDA:256,34,0,0
BRDA:284,35,0,3
BRDA:286,36,0,1
BRDA:286,37,0,2
BRDA:289,38,0,1
BRDA:295,39,0,0
BRDA:298,40,0,1
BRDA:300,41,0,0
BRF:42
BRH:34
end_of_record
TN:
SF:src\modules\caja\caja.routes.ts
FNF:0
FNH:0
DA:1,1
DA:9,1
DA:11,1
DA:12,1
DA:13,3
DA:14,3
DA:15,3
DA:16,3
DA:17,3
DA:18,2
DA:19,3
DA:20,3
DA:21,1
DA:23,1
DA:24,1
DA:25,2
DA:26,2
DA:27,2
DA:28,2
DA:29,2
DA:30,2
DA:32,1
DA:33,1
DA:34,1
DA:35,1
DA:36,2
DA:37,2
DA:38,1
DA:40,1
DA:41,1
DA:42,2
DA:43,2
DA:45,2
DA:46,2
DA:47,2
DA:48,2
DA:49,1
DA:50,1
DA:52,1
DA:53,1
DA:54,1
DA:55,1
DA:57,2
DA:58,2
DA:60,2
DA:61,2
DA:62,2
DA:63,2
DA:64,2
DA:65,2
DA:66,2
DA:67,2
DA:68,1
DA:69,2
DA:70,2
DA:71,1
DA:73,1
DA:74,1
DA:75,1
DA:76,1
DA:77,1
DA:78,1
DA:79,1
DA:80,1
DA:81,1
DA:82,1
DA:83,1
DA:84,1
DA:85,1
DA:86,1
DA:87,1
DA:88,1
DA:89,1
DA:90,1
LF:74
LH:74
BRDA:12,0,0,3
BRDA:17,1,0,2
BRDA:19,2,0,1
BRDA:24,3,0,2
BRDA:30,4,0,1
BRDA:36,5,0,0
BRDA:41,6,0,2
BRDA:48,7,0,1
BRDA:57,8,0,0
BRDA:58,9,0,0
BRDA:67,10,0,1
BRDA:69,11,0,0
BRDA:74,12,0,1
BRDA:78,13,0,0
BRDA:88,14,0,0
BRF:15
BRH:9
end_of_record
TN:
SF:src\modules\categorias\categorias.routes.ts
FNF:0
FNH:0
DA:1,1
DA:13,1
DA:15,1
DA:16,1
DA:17,1
DA:18,1
DA:19,1
DA:20,1
DA:21,1
DA:24,1
DA:25,5
DA:26,5
DA:28,4
DA:29,4
DA:30,4
DA:31,4
DA:32,4
DA:33,4
DA:34,3
DA:35,3
DA:36,5
DA:37,1
DA:38,1
DA:39,5
DA:42,1
DA:43,1
DA:44,2
DA:45,2
DA:46,1
DA:47,1
DA:48,1
DA:49,1
DA:50,0
DA:51,0
DA:52,2
DA:53,1
DA:56,1
DA:57,1
DA:58,2
DA:59,2
DA:60,2
DA:61,2
DA:62,2
DA:63,1
DA:64,1
DA:65,1
DA:66,2
DA:67,1
LF:48
LH:46
BRDA:24,0,0,5
BRDA:26,1,0,1
BRDA:26,2,0,4
BRDA:33,3,0,3
BRDA:36,4,0,1
BRDA:43,5,0,2
BRDA:45,6,0,1
BRDA:49,7,0,0
BRDA:57,8,0,2
BRDA:62,9,0,1
BRF:10
BRH:9
end_of_record
TN:
SF:src\modules\chatbot\chatbot.routes.ts
FN:178,formatearPesos
FN:182,obtenerSesion
FN:199,guardarSesion
FN:210,buscarProductos
FN:259,formatearResultadosBusqueda
FN:296,formatearDetalleProducto
FN:313,responderConMenu
FN:336,procesarBusqueda
FN:367,procesarInteracciones
FN:425,procesarAlternativas
FN:478,procesarInfoDetallada
FN:565,manejarMenu
FN:747,manejarBusqueda
FN:767,manejarInteracciones
FN:781,manejarAlternativas
FN:795,manejarInfo
FN:809,manejarFAQ
FN:858,procesarMensaje
FNF:18
FNH:12
FNDA:4,formatearPesos
FNDA:28,obtenerSesion
FNDA:28,guardarSesion
FNDA:6,buscarProductos
FNDA:2,formatearResultadosBusqueda
FNDA:1,formatearDetalleProducto
FNDA:28,responderConMenu
FNDA:3,procesarBusqueda
FNDA:0,procesarInteracciones
FNDA:0,procesarAlternativas
FNDA:0,procesarInfoDetallada
FNDA:22,manejarMenu
FNDA:4,manejarBusqueda
FNDA:0,manejarInteracciones
FNDA:0,manejarAlternativas
FNDA:0,manejarInfo
FNDA:4,manejarFAQ
FNDA:28,procesarMensaje
DA:1,1
DA:19,1
DA:33,1
DA:63,1
DA:66,1
DA:78,1
DA:80,1
DA:81,1
DA:90,1
DA:98,1
DA:109,1
DA:119,1
DA:128,1
DA:138,1
DA:139,1
DA:142,1
DA:160,1
DA:162,1
DA:175,1
DA:178,1
DA:179,4
DA:182,28
DA:183,28
DA:184,28
DA:185,28
DA:186,9
DA:187,9
DA:188,9
DA:189,9
DA:190,9
DA:191,9
DA:192,9
DA:193,9
DA:194,9
DA:195,28
DA:196,19
DA:197,19
DA:199,28
DA:200,28
DA:201,28
DA:202,28
DA:203,28
DA:204,28
DA:205,28
DA:206,28
DA:207,28
DA:210,6
DA:211,6
DA:212,6
DA:213,6
DA:214,6
DA:216,6
DA:219,6
DA:220,6
DA:221,6
DA:222,6
DA:223,6
DA:224,6
DA:225,6
DA:226,6
DA:227,6
DA:228,6
DA:229,6
DA:230,6
DA:231,6
DA:232,6
DA:233,6
DA:234,6
DA:235,6
DA:236,6
DA:237,6
DA:238,6
DA:239,6
DA:240,6
DA:241,6
DA:242,6
DA:243,6
DA:244,6
DA:245,6
DA:247,6
DA:248,4
DA:249,4
DA:250,4
DA:251,4
DA:252,4
DA:253,4
DA:254,4
DA:255,6
DA:256,6
DA:259,2
DA:260,2
DA:261,0
DA:272,0
DA:274,2
DA:276,2
DA:277,3
DA:278,3
DA:279,3
DA:280,3
DA:281,3
DA:282,3
DA:283,2
DA:284,2
DA:285,2
DA:286,3
DA:287,3
DA:289,2
DA:290,2
DA:292,2
DA:293,2
DA:296,1
DA:297,1
DA:298,1
DA:299,1
DA:300,1
DA:301,1
DA:302,1
DA:303,1
DA:304,1
DA:305,1
DA:306,1
DA:307,1
DA:308,1
DA:309,1
DA:310,1
DA:313,28
DA:314,28
DA:315,28
DA:316,28
DA:317,28
DA:318,28
DA:319,28
DA:320,4
DA:321,4
DA:322,4
DA:323,4
DA:324,4
DA:325,28
DA:326,28
DA:327,0
DA:328,0
DA:329,28
DA:330,28
DA:331,28
DA:332,28
DA:333,28
DA:336,3
DA:338,3
DA:339,3
DA:340,3
DA:341,1
DA:342,1
DA:350,1
DA:351,1
DA:352,1
DA:353,1
DA:356,3
DA:357,1
DA:358,1
DA:359,1
DA:360,1
DA:362,1
DA:363,1
DA:364,1
DA:367,0
DA:369,0
DA:371,0
DA:372,0
DA:373,0
DA:374,0
DA:377,0
DA:378,0
DA:379,0
DA:381,0
DA:382,0
DA:383,0
DA:391,0
DA:392,0
DA:393,0
DA:394,0
DA:396,0
DA:398,0
DA:399,0
DA:400,0
DA:405,0
DA:406,0
DA:407,0
DA:408,0
DA:411,0
DA:412,0
DA:413,0
DA:414,0
DA:415,0
DA:416,0
DA:417,0
DA:421,0
DA:422,0
DA:425,0
DA:427,0
DA:428,0
DA:429,0
DA:430,0
DA:431,0
DA:436,0
DA:437,0
DA:438,0
DA:441,0
DA:442,0
DA:443,0
DA:444,0
DA:446,0
DA:447,0
DA:448,0
DA:449,0
DA:450,0
DA:453,0
DA:454,0
DA:456,0
DA:457,0
DA:458,0
DA:463,0
DA:464,0
DA:465,0
DA:467,0
DA:468,0
DA:469,0
DA:470,0
DA:472,0
DA:474,0
DA:475,0
DA:478,0
DA:480,0
DA:481,0
DA:482,0
DA:483,0
DA:484,0
DA:495,0
DA:496,0
DA:497,0
DA:499,0
DA:500,0
DA:501,0
DA:502,0
DA:503,0
DA:504,0
DA:505,0
DA:506,0
DA:507,0
DA:510,0
DA:511,0
DA:512,0
DA:513,0
DA:514,0
DA:515,0
DA:516,0
DA:517,0
DA:518,0
DA:519,0
DA:520,0
DA:521,0
DA:522,0
DA:523,0
DA:525,0
DA:526,0
DA:527,0
DA:528,0
DA:529,0
DA:530,0
DA:532,0
DA:533,0
DA:534,0
DA:535,0
DA:536,0
DA:537,0
DA:538,0
DA:539,0
DA:540,0
DA:541,0
DA:542,0
DA:543,0
DA:544,0
DA:545,0
DA:546,0
DA:547,0
DA:548,0
DA:549,0
DA:550,0
DA:552,0
DA:553,0
DA:554,0
DA:555,0
DA:556,0
DA:557,0
DA:559,0
DA:561,0
DA:562,0
DA:565,22
DA:567,22
DA:568,22
DA:569,22
DA:572,22
DA:573,22
DA:574,2
DA:575,2
DA:584,2
DA:585,2
DA:586,2
DA:587,2
DA:589,22
DA:590,1
DA:591,1
DA:600,1
DA:601,1
DA:602,1
DA:603,1
DA:605,22
DA:606,1
DA:607,1
DA:608,1
DA:609,1
DA:610,1
DA:611,1
DA:613,22
DA:614,1
DA:615,1
DA:616,1
DA:617,1
DA:618,1
DA:619,1
DA:621,22
DA:622,1
DA:623,1
DA:633,1
DA:634,1
DA:635,1
DA:636,1
DA:638,22
DA:639,1
DA:640,1
DA:653,1
DA:654,1
DA:655,1
DA:656,1
DA:658,22
DA:659,1
DA:660,1
DA:661,1
DA:662,1
DA:663,1
DA:664,1
DA:666,22
DA:667,2
DA:668,2
DA:680,2
DA:681,2
DA:682,2
DA:683,2
DA:685,22
DA:686,12
DA:687,22
DA:690,22
DA:691,1
DA:692,1
DA:693,22
DA:694,0
DA:695,0
DA:696,22
DA:697,1
DA:698,1
DA:699,1
DA:700,1
DA:701,1
DA:702,22
DA:703,1
DA:704,1
DA:705,1
DA:706,1
DA:707,1
DA:708,22
DA:709,0
DA:710,0
DA:711,22
DA:712,0
DA:713,0
DA:714,22
DA:715,0
DA:716,0
DA:717,22
DA:718,1
DA:719,1
DA:720,22
DA:721,5
DA:722,5
DA:723,5
DA:724,5
DA:725,5
DA:728,3
DA:729,3
DA:730,3
DA:731,1
DA:732,1
DA:733,1
DA:734,1
DA:735,1
DA:736,1
DA:737,1
DA:738,3
DA:740,2
DA:741,2
DA:742,2
DA:743,2
DA:744,2
DA:747,4
DA:749,4
DA:750,4
DA:752,4
DA:753,1
DA:754,1
DA:755,4
DA:756,0
DA:757,0
DA:758,4
DA:759,0
DA:760,0
DA:762,3
DA:763,3
DA:764,3
DA:767,0
DA:769,0
DA:770,0
DA:772,0
DA:773,0
DA:774,0
DA:776,0
DA:777,0
DA:778,0
DA:781,0
DA:783,0
DA:784,0
DA:786,0
DA:787,0
DA:788,0
DA:790,0
DA:791,0
DA:792,0
DA:795,0
DA:797,0
DA:798,0
DA:800,0
DA:801,0
DA:802,0
DA:804,0
DA:805,0
DA:806,0
DA:809,4
DA:811,4
DA:812,4
DA:813,4
DA:815,4
DA:816,1
DA:817,1
DA:819,3
DA:820,4
DA:821,1
DA:822,0
DA:823,0
DA:824,1
DA:825,1
DA:826,1
DA:827,1
DA:828,1
DA:831,2
DA:832,4
DA:833,11
DA:834,11
DA:836,10
DA:837,11
DA:838,10
DA:839,10
DA:840,10
DA:841,9
DA:842,9
DA:843,11
DA:844,1
DA:845,1
DA:846,1
DA:847,1
DA:848,1
DA:849,11
DA:851,1
DA:852,1
DA:853,1
DA:854,1
DA:855,1
DA:858,28
DA:859,28
DA:863,28
DA:864,28
DA:865,28
DA:868,28
DA:869,28
DA:871,28
DA:875,28
DA:876,28
DA:877,4
DA:878,4
DA:879,28
DA:880,0
DA:881,0
DA:882,28
DA:883,0
DA:884,0
DA:885,28
DA:886,0
DA:887,0
DA:888,28
DA:889,4
DA:890,4
DA:891,28
DA:892,20
DA:893,20
DA:894,28
DA:897,28
DA:898,28
DA:899,3
DA:900,4
DA:901,4
DA:902,4
DA:903,4
DA:904,3
DA:906,28
DA:907,28
DA:909,28
DA:910,28
DA:913,1
DA:914,1
DA:915,1
DA:916,1
DA:917,1
DA:919,1
DA:920,1
DA:921,1
DA:922,1
DA:923,1
DA:924,1
DA:926,1
DA:928,1
DA:929,1
DA:930,1
DA:931,1
DA:932,0
DA:933,1
DA:934,1
DA:937,1
DA:938,5
DA:942,5
DA:943,2
DA:944,2
DA:945,3
DA:946,3
DA:947,2
DA:948,2
DA:949,2
DA:950,2
DA:951,5
DA:952,1
DA:953,1
DA:954,1
DA:955,5
DA:958,1
DA:959,3
DA:960,3
DA:961,3
DA:962,3
DA:963,3
DA:964,3
DA:965,3
DA:966,3
DA:967,3
DA:968,3
DA:969,3
DA:970,3
DA:971,3
DA:972,3
DA:973,3
DA:974,3
DA:975,3
DA:976,3
DA:977,3
DA:978,3
DA:980,1
DA:982,1
DA:983,1
DA:984,1
DA:985,1
DA:986,1
DA:987,1
DA:988,1
DA:989,1
DA:990,1
DA:991,3
DA:994,1
DA:995,30
DA:996,30
DA:997,30
DA:999,28
DA:1000,30
DA:1001,28
DA:1002,30
DA:1003,0
DA:1004,0
DA:1005,0
DA:1006,0
DA:1007,0
DA:1008,0
DA:1009,0
DA:1010,0
DA:1011,30
LF:618
LH:426
BRDA:178,0,0,4
BRDA:182,1,0,28
BRDA:184,2,0,27
BRDA:185,3,0,9
BRDA:185,4,0,9
BRDA:188,5,0,1
BRDA:189,6,0,1
BRDA:190,7,0,1
BRDA:191,8,0,1
BRDA:195,9,0,1
BRDA:195,10,0,19
BRDA:199,11,0,28
BRDA:205,12,0,27
BRDA:206,13,0,1
BRDA:210,14,0,6
BRDA:216,15,0,0
BRDA:213,16,0,6
BRDA:223,17,0,6
BRDA:247,18,0,4
BRDA:253,19,0,4
BRDA:254,20,0,4
BRDA:259,21,0,2
BRDA:260,22,0,0
BRDA:276,23,0,3
BRDA:277,24,0,0
BRDA:278,25,0,0
BRDA:280,26,0,0
BRDA:281,27,0,0
BRDA:282,28,0,2
BRDA:283,29,0,0
BRDA:296,30,0,1
BRDA:298,31,0,0
BRDA:301,32,0,0
BRDA:302,33,0,0
BRDA:303,34,0,0
BRDA:304,35,0,0
BRDA:305,36,0,0
BRDA:313,37,0,28
BRDA:331,38,0,0
BRDA:319,39,0,4
BRDA:336,40,0,3
BRDA:340,41,0,1
BRDA:353,42,0,2
BRDA:356,43,0,1
BRDA:565,44,0,22
BRDA:573,45,0,2
BRDA:589,46,0,1
BRDA:605,47,0,1
BRDA:613,48,0,1
BRDA:621,49,0,1
BRDA:638,50,0,1
BRDA:658,51,0,1
BRDA:666,52,0,2
BRDA:685,53,0,12
BRDA:687,54,0,12
BRDA:690,55,0,11
BRDA:690,56,0,11
BRDA:690,57,0,11
BRDA:690,58,0,11
BRDA:690,59,0,11
BRDA:690,60,0,1
BRDA:692,61,0,11
BRDA:693,62,0,11
BRDA:693,63,0,11
BRDA:693,64,0,11
BRDA:693,65,0,11
BRDA:693,66,0,0
BRDA:695,67,0,11
BRDA:696,68,0,10
BRDA:696,69,0,10
BRDA:696,70,0,10
BRDA:696,71,0,10
BRDA:696,72,0,10
BRDA:696,73,0,10
BRDA:696,74,0,1
BRDA:701,75,0,10
BRDA:702,76,0,9
BRDA:702,77,0,9
BRDA:702,78,0,9
BRDA:702,79,0,9
BRDA:702,80,0,1
BRDA:707,81,0,9
BRDA:708,82,0,9
BRDA:708,83,0,9
BRDA:708,84,0,9
BRDA:708,85,0,9
BRDA:708,86,0,0
BRDA:710,87,0,9
BRDA:711,88,0,9
BRDA:711,89,0,9
BRDA:711,90,0,9
BRDA:711,91,0,9
BRDA:711,92,0,0
BRDA:713,93,0,9
BRDA:714,94,0,9
BRDA:714,95,0,9
BRDA:714,96,0,9
BRDA:714,97,0,9
BRDA:714,98,0,9
BRDA:714,99,0,9
BRDA:714,100,0,0
BRDA:716,101,0,9
BRDA:717,102,0,8
BRDA:717,103,0,8
BRDA:717,104,0,8
BRDA:717,105,0,8
BRDA:717,106,0,8
BRDA:717,107,0,1
BRDA:719,108,0,8
BRDA:720,109,0,4
BRDA:720,110,0,4
BRDA:720,111,0,4
BRDA:720,112,0,4
BRDA:720,113,0,4
BRDA:720,114,0,3
BRDA:720,115,0,5
BRDA:725,116,0,21
BRDA:725,117,0,3
BRDA:730,118,0,1
BRDA:738,119,0,2
BRDA:747,120,0,4
BRDA:752,121,0,3
BRDA:752,122,0,3
BRDA:752,123,0,3
BRDA:752,124,0,3
BRDA:752,125,0,1
BRDA:754,126,0,3
BRDA:755,127,0,0
BRDA:757,128,0,3
BRDA:758,129,0,0
BRDA:760,130,0,3
BRDA:809,131,0,4
BRDA:815,132,0,1
BRDA:817,133,0,3
BRDA:820,134,0,1
BRDA:821,135,0,0
BRDA:828,136,0,2
BRDA:832,137,0,11
BRDA:834,138,0,1
BRDA:834,139,0,10
BRDA:837,140,0,2
BRDA:837,141,0,10
BRDA:838,142,0,2
BRDA:838,143,0,10
BRDA:839,144,0,2
BRDA:839,145,0,10
BRDA:840,146,0,2
BRDA:840,147,0,1
BRDA:840,148,0,1
BRDA:840,149,0,1
BRDA:840,150,0,1
BRDA:840,151,0,9
BRDA:841,152,0,1
BRDA:841,153,0,9
BRDA:842,154,0,1
BRDA:843,155,0,1
BRDA:849,156,0,1
BRDA:858,157,0,28
BRDA:876,158,0,4
BRDA:879,159,0,0
BRDA:882,160,0,0
BRDA:885,161,0,0
BRDA:888,162,0,4
BRDA:891,163,0,20
BRDA:898,164,0,3
BRDA:899,165,0,4
BRDA:913,166,0,1
BRDA:921,167,0,0
BRDA:931,168,0,0
BRDA:937,169,0,5
BRDA:942,170,0,4
BRDA:942,171,0,2
BRDA:944,172,0,3
BRDA:946,173,0,2
BRDA:951,174,0,1
BRDA:958,175,0,3
BRDA:977,176,0,2
BRDA:978,177,0,1
BRDA:980,178,0,3
BRDA:994,179,0,30
BRDA:997,180,0,29
BRDA:997,181,0,2
BRDA:997,182,0,28
BRDA:1000,183,0,19
BRDA:1000,184,0,28
BRDA:1002,185,0,0
BRF:186
BRH:159
end_of_record
TN:
SF:src\modules\clientes\clientes.admin.routes.ts
FN:10,iLike
FNF:1
FNH:1
FNDA:2,iLike
DA:1,1
DA:7,1
DA:10,1
DA:11,2
DA:12,2
DA:13,2
DA:15,1
DA:16,1
DA:17,4
DA:18,4
DA:19,4
DA:20,1
DA:21,1
DA:22,1
DA:23,1
DA:24,4
DA:25,4
DA:26,4
DA:27,4
DA:28,4
DA:29,4
DA:30,4
DA:31,4
DA:32,4
DA:33,4
DA:34,4
DA:35,4
DA:36,4
DA:37,3
DA:38,3
DA:39,3
DA:40,4
DA:41,4
DA:42,1
DA:44,1
DA:45,1
DA:46,3
DA:47,3
DA:48,3
DA:49,3
DA:50,3
DA:51,3
DA:52,3
DA:53,3
DA:54,3
DA:55,1
DA:56,1
DA:57,3
DA:58,1
DA:61,1
DA:62,1
DA:63,0
DA:64,0
DA:65,0
DA:66,0
DA:67,0
DA:68,0
DA:70,0
DA:71,0
DA:72,0
DA:73,0
DA:74,0
DA:75,0
DA:76,0
DA:77,0
DA:78,0
DA:79,0
DA:80,0
DA:81,0
DA:82,0
DA:83,0
DA:85,0
DA:86,0
DA:87,0
DA:88,1
LF:75
LH:52
BRDA:10,0,0,2
BRDA:16,1,0,4
BRDA:19,2,0,1
BRDA:24,3,0,3
BRDA:36,4,0,3
BRDA:40,5,0,1
BRDA:45,6,0,3
BRDA:53,7,0,2
BRDA:54,8,0,1
BRF:9
BRH:9
end_of_record
TN:
SF:src\modules\compras\compras.routes.ts
FNF:0
FNH:0
DA:1,1
DA:6,1
DA:8,1
DA:9,1
DA:10,2
DA:11,2
DA:12,2
DA:13,2
DA:14,2
DA:15,2
DA:16,2
DA:17,2
DA:18,2
DA:19,2
DA:20,2
DA:21,2
DA:22,2
DA:23,2
DA:24,2
DA:25,2
DA:26,2
DA:27,2
DA:28,2
DA:29,2
DA:30,1
DA:32,1
DA:33,1
DA:34,2
DA:35,2
DA:36,2
DA:37,2
DA:38,1
DA:39,1
DA:40,1
DA:41,2
DA:43,2
DA:44,2
DA:45,2
DA:46,2
DA:47,2
DA:48,2
DA:49,2
DA:50,2
DA:51,2
DA:52,1
DA:53,1
DA:54,2
DA:55,1
DA:57,1
DA:58,1
DA:59,2
DA:60,2
DA:61,2
DA:62,2
DA:63,2
DA:64,2
DA:65,2
DA:66,2
DA:67,2
DA:68,2
DA:69,2
DA:70,2
DA:71,1
DA:72,2
DA:73,2
DA:74,1
DA:76,1
DA:77,1
DA:78,3
DA:79,3
DA:80,3
DA:81,3
DA:82,3
DA:83,3
DA:85,1
DA:87,1
DA:88,0
DA:89,0
DA:90,0
DA:91,0
DA:92,0
DA:93,0
DA:94,0
DA:95,0
DA:96,0
DA:97,0
DA:98,0
DA:99,0
DA:100,0
DA:101,0
DA:102,0
DA:103,0
DA:104,0
DA:105,0
DA:106,0
DA:107,1
DA:109,1
DA:110,3
DA:111,3
DA:112,1
LF:100
LH:81
BRDA:9,0,0,2
BRDA:12,1,0,1
BRDA:12,2,0,1
BRDA:28,3,0,0
BRDA:33,4,0,2
BRDA:47,5,0,0
BRDA:51,6,0,1
BRDA:37,7,0,1
BRDA:58,8,0,2
BRDA:70,9,0,1
BRDA:72,10,0,0
BRDA:77,11,0,3
BRDA:82,12,0,1
BRDA:82,13,0,2
BRDA:83,14,0,1
BRDA:110,15,0,0
BRF:16
BRH:12
end_of_record
TN:
SF:src\modules\empleados\empleados.routes.ts
FNF:0
FNH:0
DA:1,1
DA:7,1
DA:9,1
DA:10,1
DA:11,3
DA:12,3
DA:13,3
DA:14,3
DA:15,3
DA:16,3
DA:17,3
DA:18,3
DA:19,3
DA:20,3
DA:21,3
DA:22,3
DA:23,3
DA:24,2
DA:25,2
DA:26,2
DA:27,3
DA:28,3
DA:29,1
DA:31,1
DA:32,1
DA:33,2
DA:34,2
DA:35,2
DA:36,2
DA:37,2
DA:38,2
DA:39,2
DA:40,1
DA:41,1
DA:42,1
DA:43,0
DA:44,0
DA:45,2
DA:46,1
DA:48,1
DA:49,1
DA:50,2
DA:51,2
DA:52,2
DA:53,2
DA:54,2
DA:55,2
DA:56,2
DA:57,2
DA:58,2
DA:59,2
DA:60,2
DA:61,1
DA:63,1
DA:64,1
DA:65,2
DA:66,2
DA:67,2
DA:68,2
DA:69,2
DA:70,2
DA:71,2
DA:72,2
DA:73,1
LF:64
LH:62
BRDA:10,0,0,3
BRDA:23,1,0,2
BRDA:27,2,0,1
BRDA:32,3,0,2
BRDA:39,4,0,1
BRDA:42,5,0,0
BRDA:49,6,0,2
BRDA:53,7,0,1
BRDA:59,8,0,0
BRDA:64,9,0,2
BRDA:70,10,0,1
BRDA:70,11,0,1
BRDA:71,12,0,0
BRF:13
BRH:10
end_of_record
TN:
SF:src\modules\imagenes\imagenes.routes.ts
FN:27,fileFilter
FN:50,resultado
FNF:2
FNH:0
FNDA:0,fileFilter
FNDA:0,resultado
DA:1,1
DA:12,1
DA:15,1
DA:16,1
DA:17,1
DA:18,1
DA:19,1
DA:20,1
DA:21,1
DA:24,1
DA:25,1
DA:26,1
DA:27,1
DA:28,0
DA:29,0
DA:30,0
DA:31,1
DA:34,1
DA:35,1
DA:36,1
DA:37,1
DA:38,1
DA:39,1
DA:40,1
DA:41,1
DA:42,1
DA:44,0
DA:45,0
DA:46,0
DA:48,0
DA:50,0
DA:51,0
DA:52,0
DA:53,0
DA:54,0
DA:55,0
DA:56,0
DA:57,0
DA:58,0
DA:59,0
DA:61,0
DA:62,0
DA:63,0
DA:64,0
DA:65,0
DA:66,0
DA:67,0
DA:68,0
DA:70,0
DA:71,0
DA:72,0
DA:73,1
DA:74,1
DA:77,1
DA:78,1
DA:79,1
DA:80,1
DA:81,1
DA:82,0
DA:83,0
DA:84,0
DA:85,0
DA:86,0
DA:87,0
DA:88,0
DA:89,1
LF:66
LH:31
BRDA:15,0,0,1
BRDA:15,1,0,1
BRDA:15,2,0,1
BRDA:39,3,0,1
BRDA:42,4,0,0
BRF:5
BRH:4
end_of_record
TN:
SF:src\modules\inventario\inventario.routes.ts
FNF:0
FNH:0
DA:1,1
DA:7,1
DA:11,1
DA:12,1
DA:13,4
DA:15,4
DA:16,4
DA:17,4
DA:19,3
DA:20,1
DA:21,2
DA:23,4
DA:24,1
DA:25,1
DA:27,2
DA:28,2
DA:29,2
DA:30,2
DA:31,2
DA:32,2
DA:34,2
DA:35,4
DA:36,4
DA:37,1
DA:39,1
DA:40,1
DA:41,1
DA:42,1
DA:43,1
DA:44,1
DA:45,1
DA:46,1
DA:47,1
DA:48,1
DA:49,1
DA:50,1
DA:51,1
DA:52,1
DA:53,1
DA:54,1
DA:55,1
DA:56,1
DA:58,1
DA:59,2
DA:60,2
DA:61,2
DA:63,2
DA:64,2
DA:65,2
DA:66,2
DA:67,2
DA:68,2
DA:69,2
DA:70,2
DA:71,2
DA:74,1
DA:75,1
DA:76,1
DA:77,1
DA:78,1
DA:79,1
DA:80,1
DA:81,1
DA:82,1
LF:64
LH:64
BRDA:12,0,0,4
BRDA:17,1,0,1
BRDA:17,2,0,3
BRDA:19,3,0,1
BRDA:20,4,0,2
BRDA:23,5,0,1
BRDA:25,6,0,2
BRDA:35,7,0,0
BRDA:39,8,0,1
BRDA:55,9,0,0
BRDA:58,10,0,2
BRDA:61,11,0,1
BRDA:61,12,0,1
BRDA:70,13,0,0
BRDA:74,14,0,1
BRDA:81,15,0,0
BRF:16
BRH:12
end_of_record
TN:
SF:src\modules\lotes\lotes.routes.ts
FNF:0
FNH:0
DA:1,1
DA:8,1
DA:10,1
DA:11,1
DA:12,4
DA:13,4
DA:15,4
DA:16,4
DA:17,4
DA:18,4
DA:19,1
DA:20,1
DA:21,1
DA:22,1
DA:24,4
DA:25,4
DA:26,4
DA:27,4
DA:28,4
DA:29,4
DA:30,4
DA:31,4
DA:32,4
DA:33,4
DA:34,4
DA:35,4
DA:36,4
DA:38,4
DA:39,4
DA:40,4
DA:41,4
DA:42,4
DA:43,1
DA:45,1
DA:46,1
DA:47,1
DA:48,1
DA:49,1
DA:50,1
DA:51,1
DA:52,1
DA:53,1
DA:54,1
DA:55,1
DA:56,1
DA:59,1
DA:61,1
DA:62,1
DA:63,1
DA:64,1
LF:50
LH:50
BRDA:11,0,0,4
BRDA:16,1,0,1
BRDA:17,2,0,0
BRDA:18,3,0,1
BRDA:41,4,0,0
BRDA:46,5,0,1
BRDA:53,6,0,0
BRDA:62,7,0,0
BRF:8
BRH:4
end_of_record
TN:
SF:src\modules\pagos\pagos.routes.ts
FNF:0
FNH:0
DA:1,1
DA:21,1
DA:24,1
DA:25,1
DA:26,11
DA:28,1
DA:29,11
DA:30,1
DA:33,1
DA:34,3
DA:36,3
DA:37,0
DA:38,0
DA:40,3
DA:41,3
DA:42,3
DA:44,1
DA:45,1
DA:47,3
DA:48,3
DA:49,1
DA:50,1
DA:51,1
DA:52,1
DA:53,0
DA:55,3
DA:56,3
DA:57,3
DA:58,3
DA:59,3
DA:61,1
DA:62,1
DA:63,1
DA:64,1
DA:65,1
DA:66,1
DA:67,1
DA:68,1
DA:69,1
DA:71,1
DA:72,3
DA:74,1
DA:75,6
DA:76,6
DA:78,6
DA:79,1
DA:80,1
DA:81,1
DA:82,1
DA:83,1
DA:84,1
DA:86,5
DA:87,6
DA:88,6
DA:90,3
DA:91,6
DA:93,6
DA:94,6
DA:95,6
DA:96,6
DA:98,6
DA:99,1
DA:100,1
DA:101,1
DA:102,1
DA:103,1
DA:105,2
DA:106,2
DA:107,6
DA:108,6
DA:111,1
DA:112,4
DA:113,3
DA:115,3
DA:116,3
DA:117,3
DA:119,1
DA:120,1
DA:121,1
DA:122,1
DA:123,1
DA:125,1
DA:126,1
DA:127,1
DA:128,1
DA:129,1
DA:131,1
DA:132,1
DA:133,4
DA:135,1
DA:136,4
DA:138,3
DA:139,3
DA:140,3
DA:141,3
DA:143,2
DA:144,3
DA:145,1
DA:146,1
DA:147,1
DA:148,1
DA:149,1
DA:150,1
DA:151,3
DA:152,1
DA:153,1
DA:154,1
DA:155,2
DA:156,3
DA:157,4
DA:160,1
DA:161,4
DA:162,3
DA:164,3
DA:166,3
DA:167,4
DA:168,4
DA:170,4
DA:171,3
DA:172,3
DA:173,1
DA:174,1
DA:175,1
DA:177,1
DA:178,1
DA:179,1
DA:180,1
DA:181,1
DA:182,1
DA:183,1
DA:184,1
DA:185,1
DA:186,1
DA:187,1
DA:188,1
DA:189,1
DA:190,1
DA:193,1
DA:194,1
DA:195,1
DA:196,1
DA:197,1
DA:198,1
DA:199,1
DA:201,1
DA:202,1
DA:203,4
DA:205,1
DA:206,4
DA:207,4
DA:208,2
DA:209,2
DA:210,2
DA:211,2
DA:212,2
DA:213,2
DA:215,2
DA:216,2
DA:217,2
DA:218,1
DA:219,1
DA:220,2
DA:221,2
DA:222,2
DA:223,4
DA:224,4
DA:227,1
DA:228,3
DA:229,3
DA:230,3
DA:231,3
DA:233,1
DA:234,1
DA:235,1
DA:236,1
DA:237,1
DA:238,1
DA:239,1
DA:240,1
DA:241,1
DA:242,1
DA:243,1
DA:244,1
DA:245,1
DA:246,3
LF:185
LH:182
BRDA:24,0,0,1
BRDA:25,1,0,11
BRDA:28,2,0,11
BRDA:29,3,0,1
BRDA:33,4,0,3
BRDA:36,5,0,0
BRDA:41,6,0,2
BRDA:42,7,0,1
BRDA:47,8,0,0
BRDA:48,9,0,1
BRDA:52,10,0,0
BRDA:59,11,0,1
BRDA:74,12,0,6
BRDA:78,13,0,1
BRDA:84,14,0,5
BRDA:87,15,0,4
BRDA:88,16,0,2
BRDA:88,17,0,3
BRDA:91,18,0,0
BRDA:96,19,0,2
BRDA:98,20,0,1
BRDA:103,21,0,2
BRDA:107,22,0,1
BRDA:111,23,0,4
BRDA:112,24,0,1
BRDA:112,25,0,3
BRDA:116,26,0,2
BRDA:117,27,0,1
BRDA:135,28,0,4
BRDA:136,29,0,3
BRDA:136,30,0,1
BRDA:136,31,0,3
BRDA:141,32,0,1
BRDA:141,33,0,2
BRDA:144,34,0,1
BRDA:150,35,0,2
BRDA:151,36,0,1
BRDA:154,37,0,2
BRDA:156,38,0,0
BRDA:160,39,0,4
BRDA:161,40,0,1
BRDA:161,41,0,3
BRDA:167,42,0,0
BRDA:167,43,0,3
BRDA:168,44,0,3
BRDA:168,45,0,0
BRDA:170,46,0,3
BRDA:171,47,0,2
BRDA:172,48,0,1
BRDA:180,49,0,1
BRDA:205,50,0,4
BRDA:207,51,0,2
BRDA:207,52,0,2
BRDA:212,53,0,0
BRDA:217,54,0,1
BRDA:221,55,0,0
BRDA:227,56,0,3
BRDA:230,57,0,2
BRDA:231,58,0,1
BRF:59
BRH:50
end_of_record
TN:
SF:src\modules\productos\productos.routes.ts
FNF:0
FNH:0
DA:1,1
DA:12,1
DA:15,1
DA:16,1
DA:17,1
DA:18,1
DA:19,1
DA:20,1
DA:21,1
DA:22,1
DA:27,1
DA:28,10
DA:29,10
DA:31,10
DA:32,10
DA:33,10
DA:35,9
DA:36,9
DA:37,9
DA:38,9
DA:39,9
DA:40,9
DA:41,9
DA:42,9
DA:43,9
DA:44,9
DA:45,9
DA:47,10
DA:48,3
DA:49,3
DA:50,3
DA:51,3
DA:52,3
DA:53,3
DA:54,3
DA:55,3
DA:57,10
DA:58,10
DA:60,9
DA:61,9
DA:62,9
DA:63,9
DA:64,9
DA:65,9
DA:67,9
DA:68,9
DA:69,9
DA:70,9
DA:71,9
DA:72,9
DA:73,10
DA:74,10
DA:75,10
DA:76,10
DA:77,10
DA:78,10
DA:79,10
DA:80,10
DA:81,10
DA:82,10
DA:83,10
DA:84,10
DA:85,10
DA:86,10
DA:87,10
DA:88,10
DA:89,10
DA:90,10
DA:91,10
DA:92,10
DA:93,10
DA:94,10
DA:95,10
DA:96,10
DA:97,10
DA:99,8
DA:100,8
DA:101,8
DA:102,8
DA:103,8
DA:105,8
DA:106,8
DA:108,8
DA:109,10
DA:110,1
DA:111,1
DA:112,10
DA:117,1
DA:118,4
DA:119,4
DA:121,4
DA:122,4
DA:123,1
DA:124,1
DA:125,1
DA:126,1
DA:127,4
DA:128,4
DA:130,4
DA:131,4
DA:132,4
DA:133,4
DA:134,4
DA:135,4
DA:136,4
DA:137,4
DA:138,4
DA:139,4
DA:140,4
DA:141,4
DA:142,4
DA:143,4
DA:144,4
DA:145,4
DA:147,3
DA:148,3
DA:149,3
DA:150,3
DA:151,3
DA:152,3
DA:154,3
DA:155,3
DA:156,3
DA:157,4
DA:158,1
DA:159,1
DA:160,4
DA:163,1
DA:164,3
DA:165,3
DA:166,3
DA:167,3
DA:168,3
DA:169,3
DA:170,3
DA:171,3
DA:172,3
DA:173,3
DA:174,3
DA:175,3
DA:176,3
DA:177,1
DA:178,1
DA:179,1
DA:180,1
DA:181,3
DA:184,1
DA:185,2
DA:186,2
DA:187,2
DA:188,2
DA:189,2
DA:191,2
DA:192,2
DA:193,2
DA:194,2
DA:195,2
DA:196,1
DA:197,1
DA:198,1
DA:199,1
DA:200,1
DA:201,1
DA:202,0
DA:203,0
DA:204,2
DA:207,1
DA:208,1
DA:209,1
DA:210,1
DA:211,1
DA:212,1
DA:213,1
DA:214,1
DA:215,1
DA:216,0
DA:217,0
DA:218,1
DA:221,1
DA:222,1
DA:223,1
DA:224,1
DA:225,1
DA:226,1
DA:227,1
DA:228,1
DA:229,1
DA:230,0
DA:231,0
DA:232,1
LF:190
LH:184
BRDA:27,0,0,10
BRDA:33,1,0,1
BRDA:33,2,0,9
BRDA:47,3,0,3
BRDA:47,4,0,3
BRDA:55,5,0,9
BRDA:57,6,0,1
BRDA:57,7,0,9
BRDA:58,8,0,1
BRDA:58,9,0,9
BRDA:73,10,0,0
BRDA:97,11,0,8
BRDA:109,12,0,1
BRDA:99,13,0,8
BRDA:101,14,0,8
BRDA:117,15,0,4
BRDA:122,16,0,1
BRDA:127,17,0,0
BRDA:128,18,0,0
BRDA:145,19,0,3
BRDA:157,20,0,1
BRDA:147,21,0,3
BRDA:150,22,0,0
BRDA:149,23,0,3
BRDA:151,24,0,3
BRDA:163,25,0,3
BRDA:175,26,0,2
BRDA:176,27,0,1
BRDA:184,28,0,2
BRDA:189,29,0,0
BRDA:195,30,0,1
BRDA:201,31,0,0
BRDA:207,32,0,1
BRDA:215,33,0,0
BRDA:221,34,0,1
BRDA:229,35,0,0
BRF:36
BRH:28
end_of_record
TN:
SF:src\modules\proveedores\proveedores.routes.ts
FN:10,iLike
FNF:1
FNH:1
FNDA:1,iLike
DA:1,1
DA:7,1
DA:10,1
DA:11,1
DA:12,1
DA:13,1
DA:15,1
DA:16,1
DA:17,3
DA:18,3
DA:19,3
DA:20,1
DA:21,2
DA:22,3
DA:23,3
DA:24,3
DA:25,3
DA:26,3
DA:27,3
DA:28,3
DA:29,3
DA:30,3
DA:31,3
DA:32,3
DA:33,3
DA:34,3
DA:35,1
DA:37,1
DA:38,1
DA:39,2
DA:40,2
DA:41,1
DA:42,1
DA:43,1
DA:44,0
DA:45,0
DA:46,2
DA:47,1
DA:49,1
DA:50,1
DA:51,2
DA:52,2
DA:53,2
DA:54,2
DA:55,2
DA:56,2
DA:57,1
DA:58,2
DA:59,2
DA:60,1
DA:62,1
DA:63,1
DA:64,1
DA:65,1
DA:66,1
DA:67,1
DA:68,1
DA:69,1
LF:58
LH:56
BRDA:10,0,0,1
BRDA:16,1,0,3
BRDA:19,2,0,1
BRDA:20,3,0,2
BRDA:33,4,0,0
BRDA:38,5,0,2
BRDA:40,6,0,1
BRDA:43,7,0,0
BRDA:50,8,0,2
BRDA:56,9,0,1
BRDA:58,10,0,0
BRDA:63,11,0,1
BRDA:67,12,0,0
BRF:13
BRH:9
end_of_record
TN:
SF:src\modules\reportes\reportes.routes.ts
FNF:0
FNH:0
DA:1,1
DA:6,1
DA:8,1
DA:9,1
DA:10,3
DA:11,3
DA:12,3
DA:13,3
DA:14,3
DA:15,3
DA:17,3
DA:18,3
DA:19,3
DA:20,3
DA:21,3
DA:22,3
DA:23,3
DA:26,3
DA:27,3
DA:32,3
DA:33,3
DA:34,3
DA:35,3
DA:36,3
DA:37,3
DA:38,3
DA:39,3
DA:40,3
DA:41,3
DA:43,2
DA:44,3
DA:45,3
DA:46,1
DA:48,1
DA:49,1
DA:50,2
DA:51,2
DA:52,2
DA:53,2
DA:54,2
DA:55,2
DA:56,2
DA:57,2
DA:58,2
DA:59,2
DA:60,2
DA:61,2
DA:62,2
DA:63,2
DA:64,2
DA:65,2
DA:66,2
DA:67,2
DA:68,2
DA:69,2
DA:70,2
DA:71,2
DA:73,1
DA:74,1
DA:75,1
DA:76,1
DA:77,1
DA:78,2
DA:79,1
DA:82,1
DA:83,1
DA:84,0
DA:85,0
DA:86,0
DA:87,0
DA:88,0
DA:90,0
DA:91,0
DA:92,0
DA:93,0
DA:94,0
DA:95,0
DA:96,0
DA:97,0
DA:98,0
DA:104,0
DA:105,0
DA:106,0
DA:107,0
DA:108,0
DA:109,0
DA:110,0
DA:111,0
DA:112,0
DA:113,0
DA:115,0
DA:116,0
DA:117,0
DA:118,1
DA:121,1
DA:122,1
DA:123,0
DA:124,0
DA:126,0
DA:127,0
DA:128,0
DA:130,0
DA:132,0
DA:133,0
DA:134,0
DA:135,0
DA:136,0
DA:138,0
DA:139,0
DA:140,0
DA:141,0
DA:142,0
DA:143,0
DA:144,0
DA:145,0
DA:146,0
DA:148,0
DA:149,0
DA:150,0
DA:151,0
DA:152,0
DA:153,0
DA:154,0
DA:155,0
DA:156,0
DA:158,0
DA:159,0
DA:160,0
DA:161,0
DA:162,0
DA:163,0
DA:164,0
DA:165,0
DA:167,0
DA:168,0
DA:169,0
DA:170,0
DA:171,0
DA:172,0
DA:173,0
DA:174,0
DA:175,0
DA:176,0
DA:177,0
DA:178,0
DA:179,0
DA:180,0
DA:182,0
DA:183,0
DA:184,0
DA:185,0
DA:186,0
DA:187,0
DA:189,0
DA:190,0
DA:191,0
DA:192,1
LF:157
LH:70
BRDA:9,0,0,3
BRDA:13,1,0,1
BRDA:14,2,0,1
BRDA:15,3,0,0
BRDA:32,4,0,1
BRDA:32,5,0,2
BRDA:33,6,0,1
BRDA:33,7,0,2
BRDA:41,8,0,2
BRDA:44,9,0,1
BRDA:49,10,0,2
BRDA:71,11,0,1
BRF:12
BRH:11
end_of_record
TN:
SF:src\modules\sucursales\sucursales.routes.ts
FNF:0
FNH:0
DA:1,1
DA:6,1
DA:8,1
DA:9,3
DA:10,3
DA:11,3
DA:12,3
DA:13,2
DA:14,3
DA:15,3
DA:17,1
DA:18,1
DA:19,2
DA:20,2
DA:21,1
DA:22,1
DA:23,2
DA:24,1
DA:26,1
DA:27,1
DA:28,1
DA:29,1
DA:30,1
DA:31,1
DA:32,1
DA:33,1
DA:34,1
DA:35,1
LF:28
LH:28
BRDA:8,0,0,3
BRDA:12,1,0,2
BRDA:14,2,0,1
BRDA:18,3,0,2
BRDA:20,4,0,1
BRDA:27,5,0,1
BRDA:33,6,0,0
BRF:7
BRH:6
end_of_record
TN:
SF:src\modules\ventas\ventas.routes.ts
FNF:0
FNH:0
DA:1,1
DA:8,1
DA:11,1
DA:12,1
DA:13,1
DA:14,2
DA:15,2
DA:16,2
DA:17,2
DA:19,2
DA:20,2
DA:21,2
DA:22,2
DA:23,2
DA:24,2
DA:25,2
DA:26,2
DA:27,2
DA:28,2
DA:29,2
DA:30,2
DA:31,2
DA:32,2
DA:33,2
DA:34,2
DA:35,2
DA:36,2
DA:37,2
DA:39,1
DA:40,2
DA:41,2
DA:42,2
DA:43,2
DA:44,2
DA:45,2
DA:46,2
DA:47,1
DA:50,1
DA:51,1
DA:52,4
DA:53,4
DA:54,4
DA:56,4
DA:57,4
DA:58,4
DA:59,4
DA:60,4
DA:62,4
DA:63,4
DA:64,4
DA:65,4
DA:66,4
DA:67,4
DA:68,4
DA:69,4
DA:70,4
DA:71,4
DA:72,4
DA:73,4
DA:74,4
DA:75,4
DA:77,3
DA:78,3
DA:79,2
DA:80,2
DA:81,2
DA:82,2
DA:83,2
DA:84,2
DA:85,3
DA:86,3
DA:87,3
DA:88,4
DA:89,4
DA:90,1
DA:93,1
DA:94,1
DA:95,2
DA:97,2
DA:98,2
DA:99,2
DA:100,2
DA:102,1
DA:103,1
DA:104,1
DA:105,1
DA:106,1
DA:107,1
DA:108,1
DA:109,1
DA:110,2
DA:111,1
DA:114,1
DA:115,1
DA:116,5
DA:117,5
DA:119,5
DA:120,5
DA:121,5
DA:122,5
DA:123,5
DA:125,5
DA:126,5
DA:127,5
DA:129,2
DA:130,2
DA:131,2
DA:132,5
DA:133,1
DA:134,1
DA:136,1
DA:137,0
DA:138,0
DA:139,0
DA:140,0
DA:142,0
DA:143,0
DA:144,0
DA:145,0
DA:146,0
DA:147,0
DA:148,0
DA:149,0
DA:150,0
DA:151,0
DA:152,1
DA:154,1
DA:155,5
DA:156,5
DA:157,1
LF:130
LH:116
BRDA:13,0,0,2
BRDA:37,1,0,1
BRDA:40,2,0,0
BRDA:45,3,0,1
BRDA:51,4,0,4
BRDA:57,5,0,0
BRDA:58,6,0,0
BRDA:59,7,0,0
BRDA:60,8,0,1
BRDA:75,9,0,3
BRDA:88,10,0,1
BRDA:78,11,0,2
BRDA:80,12,0,0
BRDA:81,13,0,1
BRDA:81,14,0,1
BRDA:94,15,0,2
BRDA:100,16,0,1
BRDA:108,17,0,0
BRDA:115,18,0,5
BRDA:125,19,0,1
BRDA:125,20,0,4
BRDA:126,21,0,1
BRDA:126,22,0,3
BRDA:127,23,0,1
BRDA:127,24,0,2
BRDA:132,25,0,1
BRDA:155,26,0,0
BRF:27
BRH:20
end_of_record
TN:
SF:src\schemas\index.ts
FN:1,(empty-report)
FNF:1
FNH:0
FNDA:0,(empty-report)
DA:1,0
DA:2,0
DA:3,0
DA:4,0
LF:4
LH:0
BRDA:1,0,0,0
BRF:1
BRH:0
end_of_record
TN:
SF:src\schemas\inventario.schema.ts
FNF:0
FNH:0
DA:1,1
DA:3,1
DA:4,1
DA:5,1
DA:6,1
DA:7,1
DA:8,1
DA:9,1
DA:10,1
DA:11,1
DA:12,1
DA:13,1
DA:15,1
DA:16,1
DA:17,1
DA:18,1
DA:19,1
DA:20,1
DA:21,1
LF:19
LH:19
BRF:0
BRH:0
end_of_record
TN:
SF:src\schemas\productos.schema.ts
FNF:0
FNH:0
DA:1,1
DA:3,1
DA:4,1
DA:5,1
DA:6,1
DA:7,1
DA:8,1
DA:9,1
DA:10,1
DA:11,1
DA:12,1
DA:13,1
DA:14,1
DA:15,1
DA:16,1
DA:17,1
DA:18,1
DA:19,1
DA:20,1
DA:21,1
DA:22,1
DA:23,1
DA:24,1
DA:25,1
DA:26,1
DA:27,1
DA:28,1
DA:29,1
DA:30,1
DA:31,1
DA:32,1
DA:33,1
DA:34,1
DA:35,1
DA:36,1
DA:37,1
DA:38,1
DA:39,1
DA:40,1
DA:41,1
DA:43,1
LF:41
LH:41
BRF:0
BRH:0
end_of_record
TN:
SF:src\schemas\ventas.schema.ts
FNF:0
FNH:0
DA:1,1
DA:3,1
DA:4,1
DA:5,1
DA:6,1
DA:7,1
DA:8,1
DA:10,1
DA:11,1
DA:12,1
DA:13,1
DA:14,1
DA:15,1
DA:16,1
DA:17,1
LF:15
LH:15
BRF:0
BRH:0
end_of_record
TN:
SF:src\services\interacciones.service.ts
FN:24,verificarInteracciones
FN:130,verificarAlergenos
FN:169,obtenerPrincipiosActivos
FN:184,recomendarSimilares
FNF:4
FNH:4
FNDA:11,verificarInteracciones
FNDA:8,verificarAlergenos
FNDA:4,obtenerPrincipiosActivos
FNDA:7,recomendarSimilares
DA:1,1
DA:24,11
DA:25,11
DA:26,11
DA:27,11
DA:29,10
DA:30,10
DA:32,10
DA:33,10
DA:34,10
DA:35,10
DA:36,10
DA:37,10
DA:38,10
DA:39,10
DA:40,10
DA:43,11
DA:44,20
DA:45,13
DA:46,13
DA:47,13
DA:48,13
DA:49,13
DA:51,13
DA:52,13
DA:53,13
DA:54,13
DA:55,13
DA:56,13
DA:59,13
DA:60,13
DA:61,7
DA:62,13
DA:63,6
DA:64,6
DA:65,6
DA:66,6
DA:67,6
DA:68,6
DA:69,6
DA:70,6
DA:72,13
DA:73,13
DA:74,11
DA:75,13
DA:76,2
DA:77,2
DA:78,2
DA:79,2
DA:80,2
DA:81,2
DA:82,2
DA:83,2
DA:86,13
DA:87,13
DA:88,13
DA:89,2
DA:90,2
DA:91,2
DA:92,2
DA:93,2
DA:94,2
DA:95,2
DA:96,2
DA:97,13
DA:98,0
DA:99,0
DA:100,0
DA:101,0
DA:102,0
DA:103,0
DA:104,0
DA:105,0
DA:106,13
DA:107,20
DA:110,11
DA:111,20
DA:112,2
DA:113,2
DA:114,2
DA:115,2
DA:116,2
DA:117,2
DA:118,2
DA:119,20
DA:121,9
DA:123,11
DA:124,1
DA:125,1
DA:126,1
DA:127,11
DA:130,8
DA:131,8
DA:132,8
DA:133,8
DA:134,8
DA:136,7
DA:138,7
DA:139,7
DA:140,7
DA:141,7
DA:142,7
DA:144,8
DA:146,4
DA:147,4
DA:149,8
DA:150,6
DA:151,4
DA:152,4
DA:153,4
DA:154,4
DA:155,4
DA:156,4
DA:157,4
DA:158,6
DA:160,4
DA:162,8
DA:163,1
DA:164,1
DA:165,1
DA:166,8
DA:169,4
DA:170,4
DA:171,4
DA:172,4
DA:173,3
DA:174,3
DA:175,3
DA:176,3
DA:177,3
DA:178,4
DA:179,1
DA:180,1
DA:181,4
DA:184,7
DA:185,7
DA:186,7
DA:187,7
DA:188,7
DA:189,7
DA:190,7
DA:191,7
DA:192,7
DA:193,7
DA:195,5
DA:196,5
DA:197,5
DA:198,5
DA:199,5
DA:200,7
DA:201,7
DA:202,7
DA:203,7
DA:205,7
DA:206,7
DA:207,7
DA:208,7
DA:209,7
DA:210,7
DA:211,7
DA:212,7
DA:213,7
DA:215,4
DA:216,13
DA:217,13
DA:218,4
DA:220,7
DA:221,1
DA:222,1
DA:223,1
DA:224,7
LF:171
LH:163
BRDA:24,0,0,11
BRDA:27,1,0,1
BRDA:27,2,0,10
BRDA:40,3,0,9
BRDA:43,4,0,20
BRDA:44,5,0,13
BRDA:48,6,0,0
BRDA:51,7,0,5
BRDA:52,8,0,5
BRDA:55,9,0,0
BRDA:56,10,0,0
BRDA:60,11,0,7
BRDA:62,12,0,6
BRDA:67,13,0,0
BRDA:73,14,0,11
BRDA:75,15,0,2
BRDA:80,16,0,0
BRDA:86,17,0,11
BRDA:87,18,0,11
BRDA:88,19,0,11
BRDA:88,20,0,2
BRDA:97,21,0,0
BRDA:107,22,0,9
BRDA:110,23,0,20
BRDA:111,24,0,2
BRDA:119,25,0,9
BRDA:123,26,0,1
BRDA:130,27,0,8
BRDA:134,28,0,1
BRDA:134,29,0,7
BRDA:142,30,0,6
BRDA:144,31,0,5
BRDA:144,32,0,2
BRDA:144,33,0,4
BRDA:149,34,0,6
BRDA:150,35,0,4
BRDA:158,36,0,4
BRDA:162,37,0,1
BRDA:147,38,0,6
BRDA:169,39,0,4
BRDA:172,40,0,1
BRDA:172,41,0,3
BRDA:178,42,0,1
BRDA:184,43,0,7
BRDA:193,44,0,6
BRDA:193,45,0,3
BRDA:193,46,0,2
BRDA:193,47,0,2
BRDA:193,48,0,5
BRDA:200,49,0,4
BRDA:200,50,0,1
BRDA:201,51,0,5
BRDA:201,52,0,0
BRDA:213,53,0,4
BRDA:220,54,0,1
BRDA:215,55,0,13
BRF:56
BRH:49
end_of_record
TN:
SF:src\services\inventario.service.ts
FN:9,obtenerLotesFEFO
FN:25,descontarStockFEFO
FN:72,actualizarCostoPromedio
FNF:3
FNH:3
FNDA:2,obtenerLotesFEFO
FNDA:5,descontarStockFEFO
FNDA:3,actualizarCostoPromedio
DA:1,1
DA:4,1
DA:9,1
DA:10,2
DA:11,2
DA:12,2
DA:13,2
DA:14,2
DA:15,2
DA:16,2
DA:17,2
DA:18,2
DA:19,2
DA:25,1
DA:26,5
DA:27,5
DA:28,5
DA:29,5
DA:30,5
DA:31,5
DA:32,5
DA:33,5
DA:34,5
DA:35,5
DA:36,5
DA:37,5
DA:38,5
DA:39,5
DA:41,5
DA:42,5
DA:44,5
DA:45,8
DA:47,8
DA:49,8
DA:50,8
DA:51,8
DA:52,8
DA:54,8
DA:55,8
DA:56,8
DA:57,8
DA:59,8
DA:60,8
DA:62,5
DA:63,1
DA:64,1
DA:66,4
DA:67,5
DA:72,1
DA:73,3
DA:74,3
DA:75,3
DA:76,3
DA:78,3
DA:79,3
DA:80,3
DA:82,3
DA:83,3
DA:84,3
DA:85,3
DA:87,3
DA:88,3
DA:89,1
LF:63
LH:63
BRDA:9,0,0,2
BRDA:25,1,0,5
BRDA:44,2,0,8
BRDA:45,3,0,0
BRDA:62,4,0,1
BRDA:64,5,0,4
BRDA:72,6,0,3
BRDA:80,7,0,2
BRDA:80,8,0,1
BRDA:78,9,0,3
BRDA:79,10,0,3
BRF:11
BRH:10
end_of_record
TN:
SF:src\services\ventas.service.ts
FN:5,registrarVenta
FNF:1
FNH:1
FNDA:5,registrarVenta
DA:1,1
DA:4,1
DA:5,1
DA:14,5
DA:15,5
DA:16,5
DA:17,5
DA:19,5
DA:21,6
DA:22,6
DA:23,6
DA:24,6
DA:25,6
DA:26,6
DA:28,6
DA:30,6
DA:31,5
DA:32,5
DA:33,5
DA:35,5
DA:36,5
DA:38,5
DA:39,5
DA:40,5
DA:41,5
DA:42,5
DA:43,5
DA:44,5
DA:45,5
DA:46,5
DA:47,5
DA:50,4
DA:51,5
DA:54,5
DA:55,5
DA:56,5
DA:57,5
DA:58,5
DA:59,5
DA:60,5
DA:61,5
DA:62,5
DA:63,5
DA:64,5
DA:65,5
DA:66,5
DA:67,5
DA:68,5
DA:69,5
DA:72,5
DA:74,2
DA:75,0
DA:76,0
DA:77,0
DA:78,0
DA:79,0
DA:82,2
DA:83,2
DA:84,1
DA:85,1
DA:86,1
DA:87,1
DA:88,1
DA:89,1
DA:90,1
DA:91,1
DA:92,1
DA:93,1
DA:94,2
DA:96,4
DA:97,5
DA:98,5
DA:99,1
LF:73
LH:68
BRDA:5,0,0,5
BRDA:15,1,0,5
BRDA:19,2,0,6
BRDA:26,3,0,5
BRDA:28,4,0,4
BRDA:30,5,0,5
BRDA:47,6,0,4
BRDA:51,7,0,0
BRDA:57,8,0,1
BRDA:59,9,0,2
BRDA:62,10,0,0
BRDA:69,11,0,4
BRDA:72,12,0,2
BRDA:74,13,0,0
BRDA:83,14,0,1
BRDA:94,15,0,4
BRF:16
BRH:13
end_of_record
TN:
SF:src\utils\jwt.utils.ts
FN:22,firmar
FN:26,firmarRefresh
FN:30,verificar
FN:34,verificarRefresh
FN:41,firmar
FN:45,verificar
FN:52,firmar
FN:56,verificar
FNF:8
FNH:8
FNDA:2,firmar
FNDA:1,firmarRefresh
FNDA:4,verificar
FNDA:2,verificarRefresh
FNDA:1,firmar
FNDA:2,verificar
FNDA:2,firmar
FNDA:3,verificar
DA:1,1
DA:21,1
DA:22,1
DA:23,2
DA:24,2
DA:26,1
DA:27,1
DA:28,1
DA:30,1
DA:31,4
DA:32,4
DA:34,1
DA:35,2
DA:36,2
DA:37,1
DA:40,1
DA:41,1
DA:42,1
DA:43,1
DA:45,1
DA:46,2
DA:47,2
DA:48,1
DA:51,1
DA:52,1
DA:53,2
DA:54,2
DA:56,1
DA:57,3
DA:58,3
DA:59,1
LF:31
LH:31
BRDA:22,0,0,2
BRDA:26,1,0,1
BRDA:30,2,0,4
BRDA:34,3,0,2
BRDA:41,4,0,1
BRDA:45,5,0,2
BRDA:52,6,0,2
BRDA:56,7,0,3
BRF:8
BRH:8
end_of_record
TN:
SF:src\utils\logger.ts
FNF:0
FNH:0
DA:1,1
DA:4,1
DA:6,1
DA:7,1
DA:9,1
DA:10,1
DA:11,1
DA:12,1
DA:13,1
DA:14,1
DA:15,1
DA:16,1
DA:17,1
DA:18,1
DA:19,1
DA:20,1
LF:16
LH:16
BRDA:16,0,0,0
BRF:1
BRH:0
end_of_record
TN:
SF:src\utils\respuesta.utils.ts
FN:19,ok
FN:27,creado
FN:31,lista
FN:35,error
FN:39,noAutorizado
FN:43,prohibido
FN:47,noEncontrado
FN:51,serverError
FN:58,parsePaginacion
FNF:9
FNH:9
FNDA:86,ok
FNDA:14,creado
FNDA:31,lista
FNDA:32,error
FNDA:54,noAutorizado
FNDA:10,prohibido
FNDA:17,noEncontrado
FNDA:28,serverError
FNDA:40,parsePaginacion
DA:18,1
DA:19,1
DA:20,86
DA:21,86
DA:22,86
DA:23,86
DA:24,86
DA:25,86
DA:27,1
DA:28,14
DA:29,14
DA:31,1
DA:32,31
DA:33,31
DA:35,1
DA:36,32
DA:37,32
DA:39,1
DA:40,54
DA:41,54
DA:43,1
DA:44,10
DA:45,10
DA:47,1
DA:48,17
DA:49,17
DA:51,1
DA:52,28
DA:53,28
DA:54,28
DA:55,1
DA:58,1
DA:59,40
DA:60,40
DA:61,40
DA:62,40
DA:63,40
LF:37
LH:37
BRDA:19,0,0,86
BRDA:27,1,0,14
BRDA:31,2,0,31
BRDA:35,3,0,32
BRDA:39,4,0,54
BRDA:43,5,0,10
BRDA:47,6,0,17
BRDA:51,7,0,28
BRDA:58,8,0,40
BRDA:59,9,0,28
BRDA:60,10,0,27
BRF:11
BRH:11
end_of_record
